<?xml version="1.0" encoding="UTF-8"?>
<!-- Generated by org.testng.reporters.JUnitReportReporter -->
<testsuite skipped="0" hostname="DESKTOP-SCJLH2I" name="gitTest.GitTest" tests="1" failures="0" timestamp="07 Aug 2017 04:40:27 GMT" time="12.803" errors="0">
  <testcase name="loginTest" time="12.803" classname="gitTest.GitTest"/>
</testsuite> <!-- gitTest.GitTest -->
